# JRE version: Java(TM) SE Runtime Environment (7.0_80-b15) (build 1.7.0_80-b15)
# Java VM: Java HotSpot(TM) 64-Bit Server VM (24.80-b11 mixed mode bsd-amd64 compressed oops)
Heap
 PSYoungGen      total 210944K, used 370K [0x00000007eaa80000, 0x00000007fe100000, 0x0000000800000000)
  eden space 117248K, 0% used [0x00000007eaa80000,0x00000007eaadca30,0x00000007f1d00000)
  from space 93696K, 0% used [0x00000007f8580000,0x00000007f8580000,0x00000007fe100000)
  to   space 100352K, 0% used [0x00000007f1d00000,0x00000007f1d00000,0x00000007f7f00000)
 ParOldGen       total 315904K, used 133278K [0x00000007c0000000, 0x00000007d3480000, 0x00000007eaa80000)
  object space 315904K, 42% used [0x00000007c0000000,0x00000007c82279c8,0x00000007d3480000)
 PSPermGen       total 49152K, used 37347K [0x00000007bae00000, 0x00000007bde00000, 0x00000007c0000000)
  object space 49152K, 75% used [0x00000007bae00000,0x00000007bd278d50,0x00000007bde00000)
GC Heap History (10 events):
Event: 41134.101 GC heap before
{Heap before GC invocations=45 (full 11):
 PSYoungGen      total 224256K, used 3574K [0x00000007eaa80000, 0x00000007ff700000, 0x0000000800000000)
  eden space 117248K, 0% used [0x00000007eaa80000,0x00000007eaa80000,0x00000007f1d00000)
  from space 107008K, 3% used [0x00000007f8e80000,0x00000007f91fdae0,0x00000007ff700000)
  to   space 111616K, 0% used [0x00000007f1d00000,0x00000007f1d00000,0x00000007f8a00000)
 ParOldGen       total 315904K, used 140749K [0x00000007c0000000, 0x00000007d3480000, 0x00000007eaa80000)
  object space 315904K, 44% used [0x00000007c0000000,0x00000007c8973450,0x00000007d3480000)
 PSPermGen       total 55296K, used 37328K [0x00000007bae00000, 0x00000007be400000, 0x00000007c0000000)
  object space 55296K, 67% used [0x00000007bae00000,0x00000007bd2742b0,0x00000007be400000)
Event: 41134.350 GC heap after
Heap after GC invocations=45 (full 11):
 PSYoungGen      total 224256K, used 0K [0x00000007eaa80000, 0x00000007ff700000, 0x0000000800000000)
  eden space 117248K, 0% used [0x00000007eaa80000,0x00000007eaa80000,0x00000007f1d00000)
  from space 107008K, 0% used [0x00000007f8e80000,0x00000007f8e80000,0x00000007ff700000)
  to   space 111616K, 0% used [0x00000007f1d00000,0x00000007f1d00000,0x00000007f8a00000)
 ParOldGen       total 315904K, used 130647K [0x00000007c0000000, 0x00000007d3480000, 0x00000007eaa80000)
  object space 315904K, 41% used [0x00000007c0000000,0x00000007c7f95c98,0x00000007d3480000)
 PSPermGen       total 53248K, used 37328K [0x00000007bae00000, 0x00000007be200000, 0x00000007c0000000)
  object space 53248K, 70% used [0x00000007bae00000,0x00000007bd2742b0,0x00000007be200000)
}
Event: 44734.455 GC heap before
{Heap before GC invocations=46 (full 11):
 PSYoungGen      total 224256K, used 50701K [0x00000007eaa80000, 0x00000007ff700000, 0x0000000800000000)
  eden space 117248K, 43% used [0x00000007eaa80000,0x00000007edc03528,0x00000007f1d00000)
  from space 107008K, 0% used [0x00000007f8e80000,0x00000007f8e80000,0x00000007ff700000)
  to   space 111616K, 0% used [0x00000007f1d00000,0x00000007f1d00000,0x00000007f8a00000)
 ParOldGen       total 315904K, used 130647K [0x00000007c0000000, 0x00000007d3480000, 0x00000007eaa80000)
  object space 315904K, 41% used [0x00000007c0000000,0x00000007c7f95c98,0x00000007d3480000)
 PSPermGen       total 53248K, used 37347K [0x00000007bae00000, 0x00000007be200000, 0x00000007c0000000)
  object space 53248K, 70% used [0x00000007bae00000,0x00000007bd278e30,0x00000007be200000)
Event: 44734.458 GC heap after
Heap after GC invocations=46 (full 11):
 PSYoungGen      total 118784K, used 1056K [0x00000007eaa80000, 0x00000007fee00000, 0x0000000800000000)
  eden space 117248K, 0% used [0x00000007eaa80000,0x00000007eaa80000,0x00000007f1d00000)
  from space 1536K, 68% used [0x00000007f1d00000,0x00000007f1e08040,0x00000007f1e80000)
  to   space 107008K, 0% used [0x00000007f8580000,0x00000007f8580000,0x00000007fee00000)
 ParOldGen       total 315904K, used 130647K [0x00000007c0000000, 0x00000007d3480000, 0x00000007eaa80000)
  object space 315904K, 41% used [0x00000007c0000000,0x00000007c7f95c98,0x00000007d3480000)
 PSPermGen       total 53248K, used 37347K [0x00000007bae00000, 0x00000007be200000, 0x00000007c0000000)
  object space 53248K, 70% used [0x00000007bae00000,0x00000007bd278e30,0x00000007be200000)
}
Event: 44734.458 GC heap before
{Heap before GC invocations=47 (full 12):
 PSYoungGen      total 118784K, used 1056K [0x00000007eaa80000, 0x00000007fee00000, 0x0000000800000000)
  eden space 117248K, 0% used [0x00000007eaa80000,0x00000007eaa80000,0x00000007f1d00000)
  from space 1536K, 68% used [0x00000007f1d00000,0x00000007f1e08040,0x00000007f1e80000)
  to   space 107008K, 0% used [0x00000007f8580000,0x00000007f8580000,0x00000007fee00000)
 ParOldGen       total 315904K, used 130647K [0x00000007c0000000, 0x00000007d3480000, 0x00000007eaa80000)
  object space 315904K, 41% used [0x00000007c0000000,0x00000007c7f95c98,0x00000007d3480000)
 PSPermGen       total 53248K, used 37347K [0x00000007bae00000, 0x00000007be200000, 0x00000007c0000000)
  object space 53248K, 70% used [0x00000007bae00000,0x00000007bd278e30,0x00000007be200000)
Event: 44734.798 GC heap after
Heap after GC invocations=47 (full 12):
 PSYoungGen      total 118784K, used 0K [0x00000007eaa80000, 0x00000007fee00000, 0x0000000800000000)
  eden space 117248K, 0% used [0x00000007eaa80000,0x00000007eaa80000,0x00000007f1d00000)
  from space 1536K, 0% used [0x00000007f1d00000,0x00000007f1d00000,0x00000007f1e80000)
  to   space 107008K, 0% used [0x00000007f8580000,0x00000007f8580000,0x00000007fee00000)
 ParOldGen       total 315904K, used 130811K [0x00000007c0000000, 0x00000007d3480000, 0x00000007eaa80000)
  object space 315904K, 41% used [0x00000007c0000000,0x00000007c7fbeeb8,0x00000007d3480000)
 PSPermGen       total 51200K, used 37347K [0x00000007bae00000, 0x00000007be000000, 0x00000007c0000000)
  object space 51200K, 72% used [0x00000007bae00000,0x00000007bd278d30,0x00000007be000000)
}
Event: 49339.134 GC heap before
{Heap before GC invocations=48 (full 12):
 PSYoungGen      total 118784K, used 37077K [0x00000007eaa80000, 0x00000007fee00000, 0x0000000800000000)
  eden space 117248K, 31% used [0x00000007eaa80000,0x00000007eceb5458,0x00000007f1d00000)
  from space 1536K, 0% used [0x00000007f1d00000,0x00000007f1d00000,0x00000007f1e80000)
  to   space 107008K, 0% used [0x00000007f8580000,0x00000007f8580000,0x00000007fee00000)
 ParOldGen       total 315904K, used 130811K [0x00000007c0000000, 0x00000007d3480000, 0x00000007eaa80000)
  object space 315904K, 41% used [0x00000007c0000000,0x00000007c7fbeeb8,0x00000007d3480000)
 PSPermGen       total 51200K, used 37347K [0x00000007bae00000, 0x00000007be000000, 0x00000007c0000000)
  object space 51200K, 72% used [0x00000007bae00000,0x00000007bd278d50,0x00000007be000000)
Event: 49339.181 GC heap after
Heap after GC invocations=48 (full 12):
 PSYoungGen      total 210944K, used 12985K [0x00000007eaa80000, 0x00000007fe100000, 0x0000000800000000)
  eden space 117248K, 0% used [0x00000007eaa80000,0x00000007eaa80000,0x00000007f1d00000)
  from space 93696K, 13% used [0x00000007f8580000,0x00000007f922e450,0x00000007fe100000)
  to   space 100352K, 0% used [0x00000007f1d00000,0x00000007f1d00000,0x00000007f7f00000)
 ParOldGen       total 315904K, used 130811K [0x00000007c0000000, 0x00000007d3480000, 0x00000007eaa80000)
  object space 315904K, 41% used [0x00000007c0000000,0x00000007c7fbeeb8,0x00000007d3480000)
 PSPermGen       total 51200K, used 37347K [0x00000007bae00000, 0x00000007be000000, 0x00000007c0000000)
  object space 51200K, 72% used [0x00000007bae00000,0x00000007bd278d50,0x00000007be000000)
}
Event: 49339.181 GC heap before
{Heap before GC invocations=49 (full 13):
 PSYoungGen      total 210944K, used 12985K [0x00000007eaa80000, 0x00000007fe100000, 0x0000000800000000)
  eden space 117248K, 0% used [0x00000007eaa80000,0x00000007eaa80000,0x00000007f1d00000)
  from space 93696K, 13% used [0x00000007f8580000,0x00000007f922e450,0x00000007fe100000)
  to   space 100352K, 0% used [0x00000007f1d00000,0x00000007f1d00000,0x00000007f7f00000)
 ParOldGen       total 315904K, used 130811K [0x00000007c0000000, 0x00000007d3480000, 0x00000007eaa80000)
  object space 315904K, 41% used [0x00000007c0000000,0x00000007c7fbeeb8,0x00000007d3480000)
 PSPermGen       total 51200K, used 37347K [0x00000007bae00000, 0x00000007be000000, 0x00000007c0000000)
  object space 51200K, 72% used [0x00000007bae00000,0x00000007bd278d50,0x00000007be000000)
Event: 49339.584 GC heap after
Heap after GC invocations=49 (full 13):
 PSYoungGen      total 210944K, used 0K [0x00000007eaa80000, 0x00000007fe100000, 0x0000000800000000)
  eden space 117248K, 0% used [0x00000007eaa80000,0x00000007eaa80000,0x00000007f1d00000)
  from space 93696K, 0% used [0x00000007f8580000,0x00000007f8580000,0x00000007fe100000)
  to   space 100352K, 0% used [0x00000007f1d00000,0x00000007f1d00000,0x00000007f7f00000)
 ParOldGen       total 315904K, used 133278K [0x00000007c0000000, 0x00000007d3480000, 0x00000007eaa80000)
  object space 315904K, 42% used [0x00000007c0000000,0x00000007c82279c8,0x00000007d3480000)
 PSPermGen       total 49152K, used 37347K [0x00000007bae00000, 0x00000007bde00000, 0x00000007c0000000)
  object space 49152K, 75% used [0x00000007bae00000,0x00000007bd278d50,0x00000007bde00000)
}

